Assuming unrestricted shared filesystem usage.
host: cpu-node131
Building DAG of jobs...
Using shell: /usr/bin/bash
Provided cores: 4
Rules claiming more threads will be scaled down.
Job stats:
job           count
----------  -------
all               1
fastp_trim       14
multiqc           1
total            16

Select jobs to execute...
Execute 4 jobs...

[Wed Dec 17 14:05:07 2025]
localrule fastp_trim:
    input: /shared/projects/cutnrunta/so_/data_cp/data/Séquençage-2025_11_13/TBL3-H2K119Ub-2_S14_L001_R1_001.fastq.gz, /shared/projects/cutnrunta/so_/data_cp/data/Séquençage-2025_11_13/TBL3-H2K119Ub-2_S14_L001_R2_001.fastq.gz
    output: /shared/projects/cutnrunta/so_/results/trim/TBL3-H2K119Ub-2_S14_L001.fptrimmed.R1.fastq.gz, /shared/projects/cutnrunta/so_/results/trim/TBL3-H2K119Ub-2_S14_L001.fptrimmed.R2.fastq.gz, /shared/projects/cutnrunta/so_/results/qc/fastp/TBL3-H2K119Ub-2_S14_L001.fastp.html, /shared/projects/cutnrunta/so_/results/qc/fastp/TBL3-H2K119Ub-2_S14_L001.fastp.json
    log: logs/fastp/TBL3-H2K119Ub-2_S14_L001.trimmed.fastp.out.log, logs/fastp/TBL3-H2K119Ub-2_S14_L001.trimmed.fastp.err.log
    jobid: 37
    reason: Missing output files: /shared/projects/cutnrunta/so_/results/trim/TBL3-H2K119Ub-2_S14_L001.fptrimmed.R2.fastq.gz, /shared/projects/cutnrunta/so_/results/qc/fastp/TBL3-H2K119Ub-2_S14_L001.fastp.json, /shared/projects/cutnrunta/so_/results/trim/TBL3-H2K119Ub-2_S14_L001.fptrimmed.R1.fastq.gz, /shared/projects/cutnrunta/so_/results/qc/fastp/TBL3-H2K119Ub-2_S14_L001.fastp.html
    wildcards: base_id=TBL3-H2K119Ub-2_S14_L001
    resources: tmpdir=/tmp, cpu=8


[Wed Dec 17 14:05:07 2025]
localrule fastp_trim:
    input: /shared/projects/cutnrunta/so_/data_cp/data/Séquençage-2025_11_13/BL3-H3K27me3-1_S2_L001_R1_001.fastq.gz, /shared/projects/cutnrunta/so_/data_cp/data/Séquençage-2025_11_13/BL3-H3K27me3-1_S2_L001_R2_001.fastq.gz
    output: /shared/projects/cutnrunta/so_/results/trim/BL3-H3K27me3-1_S2_L001.fptrimmed.R1.fastq.gz, /shared/projects/cutnrunta/so_/results/trim/BL3-H3K27me3-1_S2_L001.fptrimmed.R2.fastq.gz, /shared/projects/cutnrunta/so_/results/qc/fastp/BL3-H3K27me3-1_S2_L001.fastp.html, /shared/projects/cutnrunta/so_/results/qc/fastp/BL3-H3K27me3-1_S2_L001.fastp.json
    log: logs/fastp/BL3-H3K27me3-1_S2_L001.trimmed.fastp.out.log, logs/fastp/BL3-H3K27me3-1_S2_L001.trimmed.fastp.err.log
    jobid: 33
    reason: Missing output files: /shared/projects/cutnrunta/so_/results/trim/BL3-H3K27me3-1_S2_L001.fptrimmed.R1.fastq.gz, /shared/projects/cutnrunta/so_/results/qc/fastp/BL3-H3K27me3-1_S2_L001.fastp.html, /shared/projects/cutnrunta/so_/results/trim/BL3-H3K27me3-1_S2_L001.fptrimmed.R2.fastq.gz, /shared/projects/cutnrunta/so_/results/qc/fastp/BL3-H3K27me3-1_S2_L001.fastp.json
    wildcards: base_id=BL3-H3K27me3-1_S2_L001
    resources: tmpdir=/tmp, cpu=8


[Wed Dec 17 14:05:07 2025]
localrule fastp_trim:
    input: /shared/projects/cutnrunta/so_/data_cp/data/Séquençage-2025_11_13/BL3-IgG_S1_L001_R1_001.fastq.gz, /shared/projects/cutnrunta/so_/data_cp/data/Séquençage-2025_11_13/BL3-IgG_S1_L001_R2_001.fastq.gz
    output: /shared/projects/cutnrunta/so_/results/trim/BL3-IgG_S1_L001.fptrimmed.R1.fastq.gz, /shared/projects/cutnrunta/so_/results/trim/BL3-IgG_S1_L001.fptrimmed.R2.fastq.gz, /shared/projects/cutnrunta/so_/results/qc/fastp/BL3-IgG_S1_L001.fastp.html, /shared/projects/cutnrunta/so_/results/qc/fastp/BL3-IgG_S1_L001.fastp.json
    log: logs/fastp/BL3-IgG_S1_L001.trimmed.fastp.out.log, logs/fastp/BL3-IgG_S1_L001.trimmed.fastp.err.log
    jobid: 35
    reason: Missing output files: /shared/projects/cutnrunta/so_/results/trim/BL3-IgG_S1_L001.fptrimmed.R2.fastq.gz, /shared/projects/cutnrunta/so_/results/qc/fastp/BL3-IgG_S1_L001.fastp.html, /shared/projects/cutnrunta/so_/results/qc/fastp/BL3-IgG_S1_L001.fastp.json, /shared/projects/cutnrunta/so_/results/trim/BL3-IgG_S1_L001.fptrimmed.R1.fastq.gz
    wildcards: base_id=BL3-IgG_S1_L001
    resources: tmpdir=/tmp, cpu=8


[Wed Dec 17 14:05:07 2025]
localrule fastp_trim:
    input: /shared/projects/cutnrunta/so_/data_cp/data/Séquençage-2025_11_13/BL3-H3K27ac-2_S5_L001_R1_001.fastq.gz, /shared/projects/cutnrunta/so_/data_cp/data/Séquençage-2025_11_13/BL3-H3K27ac-2_S5_L001_R2_001.fastq.gz
    output: /shared/projects/cutnrunta/so_/results/trim/BL3-H3K27ac-2_S5_L001.fptrimmed.R1.fastq.gz, /shared/projects/cutnrunta/so_/results/trim/BL3-H3K27ac-2_S5_L001.fptrimmed.R2.fastq.gz, /shared/projects/cutnrunta/so_/results/qc/fastp/BL3-H3K27ac-2_S5_L001.fastp.html, /shared/projects/cutnrunta/so_/results/qc/fastp/BL3-H3K27ac-2_S5_L001.fastp.json
    log: logs/fastp/BL3-H3K27ac-2_S5_L001.trimmed.fastp.out.log, logs/fastp/BL3-H3K27ac-2_S5_L001.trimmed.fastp.err.log
    jobid: 32
    reason: Missing output files: /shared/projects/cutnrunta/so_/results/trim/BL3-H3K27ac-2_S5_L001.fptrimmed.R1.fastq.gz, /shared/projects/cutnrunta/so_/results/trim/BL3-H3K27ac-2_S5_L001.fptrimmed.R2.fastq.gz, /shared/projects/cutnrunta/so_/results/qc/fastp/BL3-H3K27ac-2_S5_L001.fastp.json, /shared/projects/cutnrunta/so_/results/qc/fastp/BL3-H3K27ac-2_S5_L001.fastp.html
    wildcards: base_id=BL3-H3K27ac-2_S5_L001
    resources: tmpdir=/tmp, cpu=8

Select jobs to execute...
[Wed Dec 17 14:05:49 2025]
Finished jobid: 35 (Rule: fastp_trim)
1 of 16 steps (6%) done
Execute 1 jobs...

[Wed Dec 17 14:05:49 2025]
localrule fastp_trim:
    input: /shared/projects/cutnrunta/so_/data_cp/data/Séquençage-2025_11_13/BL3-H3K27me3-2_S3_L001_R1_001.fastq.gz, /shared/projects/cutnrunta/so_/data_cp/data/Séquençage-2025_11_13/BL3-H3K27me3-2_S3_L001_R2_001.fastq.gz
    output: /shared/projects/cutnrunta/so_/results/trim/BL3-H3K27me3-2_S3_L001.fptrimmed.R1.fastq.gz, /shared/projects/cutnrunta/so_/results/trim/BL3-H3K27me3-2_S3_L001.fptrimmed.R2.fastq.gz, /shared/projects/cutnrunta/so_/results/qc/fastp/BL3-H3K27me3-2_S3_L001.fastp.html, /shared/projects/cutnrunta/so_/results/qc/fastp/BL3-H3K27me3-2_S3_L001.fastp.json
    log: logs/fastp/BL3-H3K27me3-2_S3_L001.trimmed.fastp.out.log, logs/fastp/BL3-H3K27me3-2_S3_L001.trimmed.fastp.err.log
    jobid: 34
    reason: Missing output files: /shared/projects/cutnrunta/so_/results/trim/BL3-H3K27me3-2_S3_L001.fptrimmed.R1.fastq.gz, /shared/projects/cutnrunta/so_/results/qc/fastp/BL3-H3K27me3-2_S3_L001.fastp.html, /shared/projects/cutnrunta/so_/results/trim/BL3-H3K27me3-2_S3_L001.fptrimmed.R2.fastq.gz, /shared/projects/cutnrunta/so_/results/qc/fastp/BL3-H3K27me3-2_S3_L001.fastp.json
    wildcards: base_id=BL3-H3K27me3-2_S3_L001
    resources: tmpdir=/tmp, cpu=8

Select jobs to execute...
[Wed Dec 17 14:05:54 2025]
Finished jobid: 33 (Rule: fastp_trim)
2 of 16 steps (12%) done
Execute 1 jobs...

[Wed Dec 17 14:05:54 2025]
localrule fastp_trim:
    input: /shared/projects/cutnrunta/so_/data_cp/data/Séquençage-2025_11_13/TBL3-H2K119Ub-1_S13_L001_R1_001.fastq.gz, /shared/projects/cutnrunta/so_/data_cp/data/Séquençage-2025_11_13/TBL3-H2K119Ub-1_S13_L001_R2_001.fastq.gz
    output: /shared/projects/cutnrunta/so_/results/trim/TBL3-H2K119Ub-1_S13_L001.fptrimmed.R1.fastq.gz, /shared/projects/cutnrunta/so_/results/trim/TBL3-H2K119Ub-1_S13_L001.fptrimmed.R2.fastq.gz, /shared/projects/cutnrunta/so_/results/qc/fastp/TBL3-H2K119Ub-1_S13_L001.fastp.html, /shared/projects/cutnrunta/so_/results/qc/fastp/TBL3-H2K119Ub-1_S13_L001.fastp.json
    log: logs/fastp/TBL3-H2K119Ub-1_S13_L001.trimmed.fastp.out.log, logs/fastp/TBL3-H2K119Ub-1_S13_L001.trimmed.fastp.err.log
    jobid: 36
    reason: Missing output files: /shared/projects/cutnrunta/so_/results/qc/fastp/TBL3-H2K119Ub-1_S13_L001.fastp.html, /shared/projects/cutnrunta/so_/results/qc/fastp/TBL3-H2K119Ub-1_S13_L001.fastp.json, /shared/projects/cutnrunta/so_/results/trim/TBL3-H2K119Ub-1_S13_L001.fptrimmed.R1.fastq.gz, /shared/projects/cutnrunta/so_/results/trim/TBL3-H2K119Ub-1_S13_L001.fptrimmed.R2.fastq.gz
    wildcards: base_id=TBL3-H2K119Ub-1_S13_L001
    resources: tmpdir=/tmp, cpu=8

Select jobs to execute...
[Wed Dec 17 14:06:07 2025]
Finished jobid: 32 (Rule: fastp_trim)
3 of 16 steps (19%) done
Execute 1 jobs...

[Wed Dec 17 14:06:07 2025]
localrule fastp_trim:
    input: /shared/projects/cutnrunta/so_/data_cp/data/Séquençage-2025_11_13/TBL3-H3K27ac-1_S11_L001_R1_001.fastq.gz, /shared/projects/cutnrunta/so_/data_cp/data/Séquençage-2025_11_13/TBL3-H3K27ac-1_S11_L001_R2_001.fastq.gz
    output: /shared/projects/cutnrunta/so_/results/trim/TBL3-H3K27ac-1_S11_L001.fptrimmed.R1.fastq.gz, /shared/projects/cutnrunta/so_/results/trim/TBL3-H3K27ac-1_S11_L001.fptrimmed.R2.fastq.gz, /shared/projects/cutnrunta/so_/results/qc/fastp/TBL3-H3K27ac-1_S11_L001.fastp.html, /shared/projects/cutnrunta/so_/results/qc/fastp/TBL3-H3K27ac-1_S11_L001.fastp.json
    log: logs/fastp/TBL3-H3K27ac-1_S11_L001.trimmed.fastp.out.log, logs/fastp/TBL3-H3K27ac-1_S11_L001.trimmed.fastp.err.log
    jobid: 38
    reason: Missing output files: /shared/projects/cutnrunta/so_/results/qc/fastp/TBL3-H3K27ac-1_S11_L001.fastp.json, /shared/projects/cutnrunta/so_/results/trim/TBL3-H3K27ac-1_S11_L001.fptrimmed.R2.fastq.gz, /shared/projects/cutnrunta/so_/results/qc/fastp/TBL3-H3K27ac-1_S11_L001.fastp.html, /shared/projects/cutnrunta/so_/results/trim/TBL3-H3K27ac-1_S11_L001.fptrimmed.R1.fastq.gz
    wildcards: base_id=TBL3-H3K27ac-1_S11_L001
    resources: tmpdir=/tmp, cpu=8

Select jobs to execute...
[Wed Dec 17 14:06:12 2025]
Finished jobid: 37 (Rule: fastp_trim)
4 of 16 steps (25%) done
Execute 1 jobs...

[Wed Dec 17 14:06:12 2025]
localrule fastp_trim:
    input: /shared/projects/cutnrunta/so_/data_cp/data/Séquençage-2025_11_13/TBL3-H3K27ac-2_S12_L001_R1_001.fastq.gz, /shared/projects/cutnrunta/so_/data_cp/data/Séquençage-2025_11_13/TBL3-H3K27ac-2_S12_L001_R2_001.fastq.gz
    output: /shared/projects/cutnrunta/so_/results/trim/TBL3-H3K27ac-2_S12_L001.fptrimmed.R1.fastq.gz, /shared/projects/cutnrunta/so_/results/trim/TBL3-H3K27ac-2_S12_L001.fptrimmed.R2.fastq.gz, /shared/projects/cutnrunta/so_/results/qc/fastp/TBL3-H3K27ac-2_S12_L001.fastp.html, /shared/projects/cutnrunta/so_/results/qc/fastp/TBL3-H3K27ac-2_S12_L001.fastp.json
    log: logs/fastp/TBL3-H3K27ac-2_S12_L001.trimmed.fastp.out.log, logs/fastp/TBL3-H3K27ac-2_S12_L001.trimmed.fastp.err.log
    jobid: 39
    reason: Missing output files: /shared/projects/cutnrunta/so_/results/trim/TBL3-H3K27ac-2_S12_L001.fptrimmed.R2.fastq.gz, /shared/projects/cutnrunta/so_/results/qc/fastp/TBL3-H3K27ac-2_S12_L001.fastp.html, /shared/projects/cutnrunta/so_/results/trim/TBL3-H3K27ac-2_S12_L001.fptrimmed.R1.fastq.gz, /shared/projects/cutnrunta/so_/results/qc/fastp/TBL3-H3K27ac-2_S12_L001.fastp.json
    wildcards: base_id=TBL3-H3K27ac-2_S12_L001
    resources: tmpdir=/tmp, cpu=8

Select jobs to execute...
[Wed Dec 17 14:06:41 2025]
Finished jobid: 34 (Rule: fastp_trim)
5 of 16 steps (31%) done
Execute 1 jobs...

[Wed Dec 17 14:06:41 2025]
localrule fastp_trim:
    input: /shared/projects/cutnrunta/so_/data_cp/data/Séquençage-2025_11_13/TBL3-H3K27me3-2_S10_L001_R1_001.fastq.gz, /shared/projects/cutnrunta/so_/data_cp/data/Séquençage-2025_11_13/TBL3-H3K27me3-2_S10_L001_R2_001.fastq.gz
    output: /shared/projects/cutnrunta/so_/results/trim/TBL3-H3K27me3-2_S10_L001.fptrimmed.R1.fastq.gz, /shared/projects/cutnrunta/so_/results/trim/TBL3-H3K27me3-2_S10_L001.fptrimmed.R2.fastq.gz, /shared/projects/cutnrunta/so_/results/qc/fastp/TBL3-H3K27me3-2_S10_L001.fastp.html, /shared/projects/cutnrunta/so_/results/qc/fastp/TBL3-H3K27me3-2_S10_L001.fastp.json
    log: logs/fastp/TBL3-H3K27me3-2_S10_L001.trimmed.fastp.out.log, logs/fastp/TBL3-H3K27me3-2_S10_L001.trimmed.fastp.err.log
    jobid: 41
    reason: Missing output files: /shared/projects/cutnrunta/so_/results/qc/fastp/TBL3-H3K27me3-2_S10_L001.fastp.html, /shared/projects/cutnrunta/so_/results/trim/TBL3-H3K27me3-2_S10_L001.fptrimmed.R2.fastq.gz, /shared/projects/cutnrunta/so_/results/trim/TBL3-H3K27me3-2_S10_L001.fptrimmed.R1.fastq.gz, /shared/projects/cutnrunta/so_/results/qc/fastp/TBL3-H3K27me3-2_S10_L001.fastp.json
    wildcards: base_id=TBL3-H3K27me3-2_S10_L001
    resources: tmpdir=/tmp, cpu=8

Select jobs to execute...
[Wed Dec 17 14:07:07 2025]
Finished jobid: 36 (Rule: fastp_trim)
6 of 16 steps (38%) done
Execute 1 jobs...

[Wed Dec 17 14:07:07 2025]
localrule fastp_trim:
    input: /shared/projects/cutnrunta/so_/data_cp/data/Séquençage-2025_11_13/TBL3-H3K27me3-1_S9_L001_R1_001.fastq.gz, /shared/projects/cutnrunta/so_/data_cp/data/Séquençage-2025_11_13/TBL3-H3K27me3-1_S9_L001_R2_001.fastq.gz
    output: /shared/projects/cutnrunta/so_/results/trim/TBL3-H3K27me3-1_S9_L001.fptrimmed.R1.fastq.gz, /shared/projects/cutnrunta/so_/results/trim/TBL3-H3K27me3-1_S9_L001.fptrimmed.R2.fastq.gz, /shared/projects/cutnrunta/so_/results/qc/fastp/TBL3-H3K27me3-1_S9_L001.fastp.html, /shared/projects/cutnrunta/so_/results/qc/fastp/TBL3-H3K27me3-1_S9_L001.fastp.json
    log: logs/fastp/TBL3-H3K27me3-1_S9_L001.trimmed.fastp.out.log, logs/fastp/TBL3-H3K27me3-1_S9_L001.trimmed.fastp.err.log
    jobid: 40
    reason: Missing output files: /shared/projects/cutnrunta/so_/results/trim/TBL3-H3K27me3-1_S9_L001.fptrimmed.R1.fastq.gz, /shared/projects/cutnrunta/so_/results/trim/TBL3-H3K27me3-1_S9_L001.fptrimmed.R2.fastq.gz, /shared/projects/cutnrunta/so_/results/qc/fastp/TBL3-H3K27me3-1_S9_L001.fastp.json, /shared/projects/cutnrunta/so_/results/qc/fastp/TBL3-H3K27me3-1_S9_L001.fastp.html
    wildcards: base_id=TBL3-H3K27me3-1_S9_L001
    resources: tmpdir=/tmp, cpu=8

Select jobs to execute...
[Wed Dec 17 14:07:26 2025]
Finished jobid: 39 (Rule: fastp_trim)
7 of 16 steps (44%) done
Execute 1 jobs...

[Wed Dec 17 14:07:26 2025]
localrule fastp_trim:
    input: /shared/projects/cutnrunta/so_/data_cp/data/Séquençage-2025_11_13/BL3-H3K27ac-1_S4_L001_R1_001.fastq.gz, /shared/projects/cutnrunta/so_/data_cp/data/Séquençage-2025_11_13/BL3-H3K27ac-1_S4_L001_R2_001.fastq.gz
    output: /shared/projects/cutnrunta/so_/results/trim/BL3-H3K27ac-1_S4_L001.fptrimmed.R1.fastq.gz, /shared/projects/cutnrunta/so_/results/trim/BL3-H3K27ac-1_S4_L001.fptrimmed.R2.fastq.gz, /shared/projects/cutnrunta/so_/results/qc/fastp/BL3-H3K27ac-1_S4_L001.fastp.html, /shared/projects/cutnrunta/so_/results/qc/fastp/BL3-H3K27ac-1_S4_L001.fastp.json
    log: logs/fastp/BL3-H3K27ac-1_S4_L001.trimmed.fastp.out.log, logs/fastp/BL3-H3K27ac-1_S4_L001.trimmed.fastp.err.log
    jobid: 31
    reason: Missing output files: /shared/projects/cutnrunta/so_/results/qc/fastp/BL3-H3K27ac-1_S4_L001.fastp.json, /shared/projects/cutnrunta/so_/results/qc/fastp/BL3-H3K27ac-1_S4_L001.fastp.html, /shared/projects/cutnrunta/so_/results/trim/BL3-H3K27ac-1_S4_L001.fptrimmed.R1.fastq.gz, /shared/projects/cutnrunta/so_/results/trim/BL3-H3K27ac-1_S4_L001.fptrimmed.R2.fastq.gz
    wildcards: base_id=BL3-H3K27ac-1_S4_L001
    resources: tmpdir=/tmp, cpu=8

Select jobs to execute...
[Wed Dec 17 14:07:27 2025]
Finished jobid: 38 (Rule: fastp_trim)
8 of 16 steps (50%) done
Execute 1 jobs...

[Wed Dec 17 14:07:27 2025]
localrule fastp_trim:
    input: /shared/projects/cutnrunta/so_/data_cp/data/Séquençage-2025_11_13/BL3-H2K119Ub-2_S7_L001_R1_001.fastq.gz, /shared/projects/cutnrunta/so_/data_cp/data/Séquençage-2025_11_13/BL3-H2K119Ub-2_S7_L001_R2_001.fastq.gz
    output: /shared/projects/cutnrunta/so_/results/trim/BL3-H2K119Ub-2_S7_L001.fptrimmed.R1.fastq.gz, /shared/projects/cutnrunta/so_/results/trim/BL3-H2K119Ub-2_S7_L001.fptrimmed.R2.fastq.gz, /shared/projects/cutnrunta/so_/results/qc/fastp/BL3-H2K119Ub-2_S7_L001.fastp.html, /shared/projects/cutnrunta/so_/results/qc/fastp/BL3-H2K119Ub-2_S7_L001.fastp.json
    log: logs/fastp/BL3-H2K119Ub-2_S7_L001.trimmed.fastp.out.log, logs/fastp/BL3-H2K119Ub-2_S7_L001.trimmed.fastp.err.log
    jobid: 30
    reason: Missing output files: /shared/projects/cutnrunta/so_/results/trim/BL3-H2K119Ub-2_S7_L001.fptrimmed.R1.fastq.gz, /shared/projects/cutnrunta/so_/results/qc/fastp/BL3-H2K119Ub-2_S7_L001.fastp.html, /shared/projects/cutnrunta/so_/results/qc/fastp/BL3-H2K119Ub-2_S7_L001.fastp.json, /shared/projects/cutnrunta/so_/results/trim/BL3-H2K119Ub-2_S7_L001.fptrimmed.R2.fastq.gz
    wildcards: base_id=BL3-H2K119Ub-2_S7_L001
    resources: tmpdir=/tmp, cpu=8

Select jobs to execute...
[Wed Dec 17 14:07:50 2025]
Finished jobid: 41 (Rule: fastp_trim)
9 of 16 steps (56%) done
Execute 1 jobs...

[Wed Dec 17 14:07:50 2025]
localrule fastp_trim:
    input: /shared/projects/cutnrunta/so_/data_cp/data/Séquençage-2025_11_13/BL3-H2K119Ub-1_S6_L001_R1_001.fastq.gz, /shared/projects/cutnrunta/so_/data_cp/data/Séquençage-2025_11_13/BL3-H2K119Ub-1_S6_L001_R2_001.fastq.gz
    output: /shared/projects/cutnrunta/so_/results/trim/BL3-H2K119Ub-1_S6_L001.fptrimmed.R1.fastq.gz, /shared/projects/cutnrunta/so_/results/trim/BL3-H2K119Ub-1_S6_L001.fptrimmed.R2.fastq.gz, /shared/projects/cutnrunta/so_/results/qc/fastp/BL3-H2K119Ub-1_S6_L001.fastp.html, /shared/projects/cutnrunta/so_/results/qc/fastp/BL3-H2K119Ub-1_S6_L001.fastp.json
    log: logs/fastp/BL3-H2K119Ub-1_S6_L001.trimmed.fastp.out.log, logs/fastp/BL3-H2K119Ub-1_S6_L001.trimmed.fastp.err.log
    jobid: 29
    reason: Missing output files: /shared/projects/cutnrunta/so_/results/trim/BL3-H2K119Ub-1_S6_L001.fptrimmed.R2.fastq.gz, /shared/projects/cutnrunta/so_/results/trim/BL3-H2K119Ub-1_S6_L001.fptrimmed.R1.fastq.gz, /shared/projects/cutnrunta/so_/results/qc/fastp/BL3-H2K119Ub-1_S6_L001.fastp.html, /shared/projects/cutnrunta/so_/results/qc/fastp/BL3-H2K119Ub-1_S6_L001.fastp.json
    wildcards: base_id=BL3-H2K119Ub-1_S6_L001
    resources: tmpdir=/tmp, cpu=8

Select jobs to execute...
[Wed Dec 17 14:08:31 2025]
Finished jobid: 31 (Rule: fastp_trim)
10 of 16 steps (62%) done
Execute 1 jobs...

[Wed Dec 17 14:08:31 2025]
localrule fastp_trim:
    input: /shared/projects/cutnrunta/so_/data_cp/data/Séquençage-2025_11_13/TBL3-IgG_S8_L001_R1_001.fastq.gz, /shared/projects/cutnrunta/so_/data_cp/data/Séquençage-2025_11_13/TBL3-IgG_S8_L001_R2_001.fastq.gz
    output: /shared/projects/cutnrunta/so_/results/trim/TBL3-IgG_S8_L001.fptrimmed.R1.fastq.gz, /shared/projects/cutnrunta/so_/results/trim/TBL3-IgG_S8_L001.fptrimmed.R2.fastq.gz, /shared/projects/cutnrunta/so_/results/qc/fastp/TBL3-IgG_S8_L001.fastp.html, /shared/projects/cutnrunta/so_/results/qc/fastp/TBL3-IgG_S8_L001.fastp.json
    log: logs/fastp/TBL3-IgG_S8_L001.trimmed.fastp.out.log, logs/fastp/TBL3-IgG_S8_L001.trimmed.fastp.err.log
    jobid: 42
    reason: Missing output files: /shared/projects/cutnrunta/so_/results/trim/TBL3-IgG_S8_L001.fptrimmed.R2.fastq.gz, /shared/projects/cutnrunta/so_/results/qc/fastp/TBL3-IgG_S8_L001.fastp.html, /shared/projects/cutnrunta/so_/results/qc/fastp/TBL3-IgG_S8_L001.fastp.json, /shared/projects/cutnrunta/so_/results/trim/TBL3-IgG_S8_L001.fptrimmed.R1.fastq.gz
    wildcards: base_id=TBL3-IgG_S8_L001
    resources: tmpdir=/tmp, cpu=8

[Wed Dec 17 14:08:36 2025]
Finished jobid: 40 (Rule: fastp_trim)
11 of 16 steps (69%) done
[Wed Dec 17 14:08:40 2025]
Finished jobid: 30 (Rule: fastp_trim)
12 of 16 steps (75%) done
[Wed Dec 17 14:08:45 2025]
Finished jobid: 29 (Rule: fastp_trim)
13 of 16 steps (81%) done
[Wed Dec 17 14:08:55 2025]
Finished jobid: 42 (Rule: fastp_trim)
14 of 16 steps (88%) done
Select jobs to execute...
Execute 1 jobs...

[Wed Dec 17 14:08:55 2025]
localrule multiqc:
    input: /shared/projects/cutnrunta/so_/results/fastqc, /shared/projects/cutnrunta/so_/results/qc/fastp/BL3-H2K119Ub-1_S6_L001.fastp.html, /shared/projects/cutnrunta/so_/results/qc/fastp/BL3-H2K119Ub-2_S7_L001.fastp.html, /shared/projects/cutnrunta/so_/results/qc/fastp/BL3-H3K27ac-1_S4_L001.fastp.html, /shared/projects/cutnrunta/so_/results/qc/fastp/BL3-H3K27ac-2_S5_L001.fastp.html, /shared/projects/cutnrunta/so_/results/qc/fastp/BL3-H3K27me3-1_S2_L001.fastp.html, /shared/projects/cutnrunta/so_/results/qc/fastp/BL3-H3K27me3-2_S3_L001.fastp.html, /shared/projects/cutnrunta/so_/results/qc/fastp/BL3-IgG_S1_L001.fastp.html, /shared/projects/cutnrunta/so_/results/qc/fastp/TBL3-H2K119Ub-1_S13_L001.fastp.html, /shared/projects/cutnrunta/so_/results/qc/fastp/TBL3-H2K119Ub-2_S14_L001.fastp.html, /shared/projects/cutnrunta/so_/results/qc/fastp/TBL3-H3K27ac-1_S11_L001.fastp.html, /shared/projects/cutnrunta/so_/results/qc/fastp/TBL3-H3K27ac-2_S12_L001.fastp.html, /shared/projects/cutnrunta/so_/results/qc/fastp/TBL3-H3K27me3-1_S9_L001.fastp.html, /shared/projects/cutnrunta/so_/results/qc/fastp/TBL3-H3K27me3-2_S10_L001.fastp.html, /shared/projects/cutnrunta/so_/results/qc/fastp/TBL3-IgG_S8_L001.fastp.html, /shared/projects/cutnrunta/so_/results/qc/fastp/BL3-H2K119Ub-1_S6_L001.fastp.json, /shared/projects/cutnrunta/so_/results/qc/fastp/BL3-H2K119Ub-2_S7_L001.fastp.json, /shared/projects/cutnrunta/so_/results/qc/fastp/BL3-H3K27ac-1_S4_L001.fastp.json, /shared/projects/cutnrunta/so_/results/qc/fastp/BL3-H3K27ac-2_S5_L001.fastp.json, /shared/projects/cutnrunta/so_/results/qc/fastp/BL3-H3K27me3-1_S2_L001.fastp.json, /shared/projects/cutnrunta/so_/results/qc/fastp/BL3-H3K27me3-2_S3_L001.fastp.json, /shared/projects/cutnrunta/so_/results/qc/fastp/BL3-IgG_S1_L001.fastp.json, /shared/projects/cutnrunta/so_/results/qc/fastp/TBL3-H2K119Ub-1_S13_L001.fastp.json, /shared/projects/cutnrunta/so_/results/qc/fastp/TBL3-H2K119Ub-2_S14_L001.fastp.json, /shared/projects/cutnrunta/so_/results/qc/fastp/TBL3-H3K27ac-1_S11_L001.fastp.json, /shared/projects/cutnrunta/so_/results/qc/fastp/TBL3-H3K27ac-2_S12_L001.fastp.json, /shared/projects/cutnrunta/so_/results/qc/fastp/TBL3-H3K27me3-1_S9_L001.fastp.json, /shared/projects/cutnrunta/so_/results/qc/fastp/TBL3-H3K27me3-2_S10_L001.fastp.json, /shared/projects/cutnrunta/so_/results/qc/fastp/TBL3-IgG_S8_L001.fastp.json
    output: /shared/projects/cutnrunta/so_/results/qc/multiqc/multiqc.html
    log: logs/multiqc/multiqc.out.log, logs/multiqc/multiqc.err.log
    jobid: 43
    reason: Missing output files: /shared/projects/cutnrunta/so_/results/qc/multiqc/multiqc.html; Input files updated by another job: /shared/projects/cutnrunta/so_/results/qc/fastp/BL3-H3K27ac-1_S4_L001.fastp.html, /shared/projects/cutnrunta/so_/results/qc/fastp/TBL3-H2K119Ub-1_S13_L001.fastp.json, /shared/projects/cutnrunta/so_/results/qc/fastp/BL3-H2K119Ub-2_S7_L001.fastp.html, /shared/projects/cutnrunta/so_/results/qc/fastp/BL3-H3K27me3-2_S3_L001.fastp.json, /shared/projects/cutnrunta/so_/results/qc/fastp/TBL3-H3K27ac-2_S12_L001.fastp.json, /shared/projects/cutnrunta/so_/results/qc/fastp/TBL3-H2K119Ub-1_S13_L001.fastp.html, /shared/projects/cutnrunta/so_/results/qc/fastp/TBL3-H3K27me3-2_S10_L001.fastp.html, /shared/projects/cutnrunta/so_/results/qc/fastp/TBL3-H3K27me3-1_S9_L001.fastp.json, /shared/projects/cutnrunta/so_/results/qc/fastp/TBL3-H2K119Ub-2_S14_L001.fastp.json, /shared/projects/cutnrunta/so_/results/qc/fastp/BL3-H2K119Ub-1_S6_L001.fastp.json, /shared/projects/cutnrunta/so_/results/qc/fastp/BL3-H3K27me3-1_S2_L001.fastp.json, /shared/projects/cutnrunta/so_/results/qc/fastp/BL3-H3K27ac-1_S4_L001.fastp.json, /shared/projects/cutnrunta/so_/results/qc/fastp/TBL3-H2K119Ub-2_S14_L001.fastp.html, /shared/projects/cutnrunta/so_/results/qc/fastp/BL3-H3K27ac-2_S5_L001.fastp.html, /shared/projects/cutnrunta/so_/results/qc/fastp/BL3-H3K27me3-2_S3_L001.fastp.html, /shared/projects/cutnrunta/so_/results/qc/fastp/TBL3-H3K27me3-1_S9_L001.fastp.html, /shared/projects/cutnrunta/so_/results/qc/fastp/TBL3-H3K27me3-2_S10_L001.fastp.json, /shared/projects/cutnrunta/so_/results/qc/fastp/TBL3-IgG_S8_L001.fastp.html, /shared/projects/cutnrunta/so_/results/qc/fastp/TBL3-IgG_S8_L001.fastp.json, /shared/projects/cutnrunta/so_/results/qc/fastp/TBL3-H3K27ac-2_S12_L001.fastp.html, /shared/projects/cutnrunta/so_/results/qc/fastp/BL3-IgG_S1_L001.fastp.json, /shared/projects/cutnrunta/so_/results/qc/fastp/BL3-IgG_S1_L001.fastp.html, /shared/projects/cutnrunta/so_/results/qc/fastp/BL3-H3K27me3-1_S2_L001.fastp.html, /shared/projects/cutnrunta/so_/results/qc/fastp/TBL3-H3K27ac-1_S11_L001.fastp.json, /shared/projects/cutnrunta/so_/results/qc/fastp/BL3-H2K119Ub-2_S7_L001.fastp.json, /shared/projects/cutnrunta/so_/results/qc/fastp/BL3-H2K119Ub-1_S6_L001.fastp.html, /shared/projects/cutnrunta/so_/results/qc/fastp/BL3-H3K27ac-2_S5_L001.fastp.json, /shared/projects/cutnrunta/so_/results/qc/fastp/TBL3-H3K27ac-1_S11_L001.fastp.html; Set of input files has changed since last execution; Code has changed since last execution
    threads: 4
    resources: tmpdir=/tmp

[Wed Dec 17 14:09:07 2025]
Finished jobid: 43 (Rule: multiqc)
15 of 16 steps (94%) done
Select jobs to execute...
Execute 1 jobs...

[Wed Dec 17 14:09:07 2025]
localrule all:
    input: /shared/projects/cutnrunta/so_/results/fastqc/BL3-H2K119Ub-1_S6_L001_R1_001_fastqc.html, /shared/projects/cutnrunta/so_/results/fastqc/BL3-H2K119Ub-1_S6_L001_R2_001_fastqc.html, /shared/projects/cutnrunta/so_/results/fastqc/BL3-H2K119Ub-2_S7_L001_R1_001_fastqc.html, /shared/projects/cutnrunta/so_/results/fastqc/BL3-H2K119Ub-2_S7_L001_R2_001_fastqc.html, /shared/projects/cutnrunta/so_/results/fastqc/BL3-H3K27ac-1_S4_L001_R1_001_fastqc.html, /shared/projects/cutnrunta/so_/results/fastqc/BL3-H3K27ac-1_S4_L001_R2_001_fastqc.html, /shared/projects/cutnrunta/so_/results/fastqc/BL3-H3K27ac-2_S5_L001_R1_001_fastqc.html, /shared/projects/cutnrunta/so_/results/fastqc/BL3-H3K27ac-2_S5_L001_R2_001_fastqc.html, /shared/projects/cutnrunta/so_/results/fastqc/BL3-H3K27me3-1_S2_L001_R1_001_fastqc.html, /shared/projects/cutnrunta/so_/results/fastqc/BL3-H3K27me3-1_S2_L001_R2_001_fastqc.html, /shared/projects/cutnrunta/so_/results/fastqc/BL3-H3K27me3-2_S3_L001_R1_001_fastqc.html, /shared/projects/cutnrunta/so_/results/fastqc/BL3-H3K27me3-2_S3_L001_R2_001_fastqc.html, /shared/projects/cutnrunta/so_/results/fastqc/BL3-IgG_S1_L001_R1_001_fastqc.html, /shared/projects/cutnrunta/so_/results/fastqc/BL3-IgG_S1_L001_R2_001_fastqc.html, /shared/projects/cutnrunta/so_/results/fastqc/TBL3-H2K119Ub-1_S13_L001_R1_001_fastqc.html, /shared/projects/cutnrunta/so_/results/fastqc/TBL3-H2K119Ub-1_S13_L001_R2_001_fastqc.html, /shared/projects/cutnrunta/so_/results/fastqc/TBL3-H2K119Ub-2_S14_L001_R1_001_fastqc.html, /shared/projects/cutnrunta/so_/results/fastqc/TBL3-H2K119Ub-2_S14_L001_R2_001_fastqc.html, /shared/projects/cutnrunta/so_/results/fastqc/TBL3-H3K27ac-1_S11_L001_R1_001_fastqc.html, /shared/projects/cutnrunta/so_/results/fastqc/TBL3-H3K27ac-1_S11_L001_R2_001_fastqc.html, /shared/projects/cutnrunta/so_/results/fastqc/TBL3-H3K27ac-2_S12_L001_R1_001_fastqc.html, /shared/projects/cutnrunta/so_/results/fastqc/TBL3-H3K27ac-2_S12_L001_R2_001_fastqc.html, /shared/projects/cutnrunta/so_/results/fastqc/TBL3-H3K27me3-1_S9_L001_R1_001_fastqc.html, /shared/projects/cutnrunta/so_/results/fastqc/TBL3-H3K27me3-1_S9_L001_R2_001_fastqc.html, /shared/projects/cutnrunta/so_/results/fastqc/TBL3-H3K27me3-2_S10_L001_R1_001_fastqc.html, /shared/projects/cutnrunta/so_/results/fastqc/TBL3-H3K27me3-2_S10_L001_R2_001_fastqc.html, /shared/projects/cutnrunta/so_/results/fastqc/TBL3-IgG_S8_L001_R1_001_fastqc.html, /shared/projects/cutnrunta/so_/results/fastqc/TBL3-IgG_S8_L001_R2_001_fastqc.html, /shared/projects/cutnrunta/so_/results/fastqc/BL3-H2K119Ub-1_S6_L001_R1_001_fastqc.zip, /shared/projects/cutnrunta/so_/results/fastqc/BL3-H2K119Ub-1_S6_L001_R2_001_fastqc.zip, /shared/projects/cutnrunta/so_/results/fastqc/BL3-H2K119Ub-2_S7_L001_R1_001_fastqc.zip, /shared/projects/cutnrunta/so_/results/fastqc/BL3-H2K119Ub-2_S7_L001_R2_001_fastqc.zip, /shared/projects/cutnrunta/so_/results/fastqc/BL3-H3K27ac-1_S4_L001_R1_001_fastqc.zip, /shared/projects/cutnrunta/so_/results/fastqc/BL3-H3K27ac-1_S4_L001_R2_001_fastqc.zip, /shared/projects/cutnrunta/so_/results/fastqc/BL3-H3K27ac-2_S5_L001_R1_001_fastqc.zip, /shared/projects/cutnrunta/so_/results/fastqc/BL3-H3K27ac-2_S5_L001_R2_001_fastqc.zip, /shared/projects/cutnrunta/so_/results/fastqc/BL3-H3K27me3-1_S2_L001_R1_001_fastqc.zip, /shared/projects/cutnrunta/so_/results/fastqc/BL3-H3K27me3-1_S2_L001_R2_001_fastqc.zip, /shared/projects/cutnrunta/so_/results/fastqc/BL3-H3K27me3-2_S3_L001_R1_001_fastqc.zip, /shared/projects/cutnrunta/so_/results/fastqc/BL3-H3K27me3-2_S3_L001_R2_001_fastqc.zip, /shared/projects/cutnrunta/so_/results/fastqc/BL3-IgG_S1_L001_R1_001_fastqc.zip, /shared/projects/cutnrunta/so_/results/fastqc/BL3-IgG_S1_L001_R2_001_fastqc.zip, /shared/projects/cutnrunta/so_/results/fastqc/TBL3-H2K119Ub-1_S13_L001_R1_001_fastqc.zip, /shared/projects/cutnrunta/so_/results/fastqc/TBL3-H2K119Ub-1_S13_L001_R2_001_fastqc.zip, /shared/projects/cutnrunta/so_/results/fastqc/TBL3-H2K119Ub-2_S14_L001_R1_001_fastqc.zip, /shared/projects/cutnrunta/so_/results/fastqc/TBL3-H2K119Ub-2_S14_L001_R2_001_fastqc.zip, /shared/projects/cutnrunta/so_/results/fastqc/TBL3-H3K27ac-1_S11_L001_R1_001_fastqc.zip, /shared/projects/cutnrunta/so_/results/fastqc/TBL3-H3K27ac-1_S11_L001_R2_001_fastqc.zip, /shared/projects/cutnrunta/so_/results/fastqc/TBL3-H3K27ac-2_S12_L001_R1_001_fastqc.zip, /shared/projects/cutnrunta/so_/results/fastqc/TBL3-H3K27ac-2_S12_L001_R2_001_fastqc.zip, /shared/projects/cutnrunta/so_/results/fastqc/TBL3-H3K27me3-1_S9_L001_R1_001_fastqc.zip, /shared/projects/cutnrunta/so_/results/fastqc/TBL3-H3K27me3-1_S9_L001_R2_001_fastqc.zip, /shared/projects/cutnrunta/so_/results/fastqc/TBL3-H3K27me3-2_S10_L001_R1_001_fastqc.zip, /shared/projects/cutnrunta/so_/results/fastqc/TBL3-H3K27me3-2_S10_L001_R2_001_fastqc.zip, /shared/projects/cutnrunta/so_/results/fastqc/TBL3-IgG_S8_L001_R1_001_fastqc.zip, /shared/projects/cutnrunta/so_/results/fastqc/TBL3-IgG_S8_L001_R2_001_fastqc.zip, /shared/projects/cutnrunta/so_/results/trim/BL3-H2K119Ub-1_S6_L001.fptrimmed.R1.fastq.gz, /shared/projects/cutnrunta/so_/results/trim/BL3-H2K119Ub-2_S7_L001.fptrimmed.R1.fastq.gz, /shared/projects/cutnrunta/so_/results/trim/BL3-H3K27ac-1_S4_L001.fptrimmed.R1.fastq.gz, /shared/projects/cutnrunta/so_/results/trim/BL3-H3K27ac-2_S5_L001.fptrimmed.R1.fastq.gz, /shared/projects/cutnrunta/so_/results/trim/BL3-H3K27me3-1_S2_L001.fptrimmed.R1.fastq.gz, /shared/projects/cutnrunta/so_/results/trim/BL3-H3K27me3-2_S3_L001.fptrimmed.R1.fastq.gz, /shared/projects/cutnrunta/so_/results/trim/BL3-IgG_S1_L001.fptrimmed.R1.fastq.gz, /shared/projects/cutnrunta/so_/results/trim/TBL3-H2K119Ub-1_S13_L001.fptrimmed.R1.fastq.gz, /shared/projects/cutnrunta/so_/results/trim/TBL3-H2K119Ub-2_S14_L001.fptrimmed.R1.fastq.gz, /shared/projects/cutnrunta/so_/results/trim/TBL3-H3K27ac-1_S11_L001.fptrimmed.R1.fastq.gz, /shared/projects/cutnrunta/so_/results/trim/TBL3-H3K27ac-2_S12_L001.fptrimmed.R1.fastq.gz, /shared/projects/cutnrunta/so_/results/trim/TBL3-H3K27me3-1_S9_L001.fptrimmed.R1.fastq.gz, /shared/projects/cutnrunta/so_/results/trim/TBL3-H3K27me3-2_S10_L001.fptrimmed.R1.fastq.gz, /shared/projects/cutnrunta/so_/results/trim/TBL3-IgG_S8_L001.fptrimmed.R1.fastq.gz, /shared/projects/cutnrunta/so_/results/trim/BL3-H2K119Ub-1_S6_L001.fptrimmed.R2.fastq.gz, /shared/projects/cutnrunta/so_/results/trim/BL3-H2K119Ub-2_S7_L001.fptrimmed.R2.fastq.gz, /shared/projects/cutnrunta/so_/results/trim/BL3-H3K27ac-1_S4_L001.fptrimmed.R2.fastq.gz, /shared/projects/cutnrunta/so_/results/trim/BL3-H3K27ac-2_S5_L001.fptrimmed.R2.fastq.gz, /shared/projects/cutnrunta/so_/results/trim/BL3-H3K27me3-1_S2_L001.fptrimmed.R2.fastq.gz, /shared/projects/cutnrunta/so_/results/trim/BL3-H3K27me3-2_S3_L001.fptrimmed.R2.fastq.gz, /shared/projects/cutnrunta/so_/results/trim/BL3-IgG_S1_L001.fptrimmed.R2.fastq.gz, /shared/projects/cutnrunta/so_/results/trim/TBL3-H2K119Ub-1_S13_L001.fptrimmed.R2.fastq.gz, /shared/projects/cutnrunta/so_/results/trim/TBL3-H2K119Ub-2_S14_L001.fptrimmed.R2.fastq.gz, /shared/projects/cutnrunta/so_/results/trim/TBL3-H3K27ac-1_S11_L001.fptrimmed.R2.fastq.gz, /shared/projects/cutnrunta/so_/results/trim/TBL3-H3K27ac-2_S12_L001.fptrimmed.R2.fastq.gz, /shared/projects/cutnrunta/so_/results/trim/TBL3-H3K27me3-1_S9_L001.fptrimmed.R2.fastq.gz, /shared/projects/cutnrunta/so_/results/trim/TBL3-H3K27me3-2_S10_L001.fptrimmed.R2.fastq.gz, /shared/projects/cutnrunta/so_/results/trim/TBL3-IgG_S8_L001.fptrimmed.R2.fastq.gz, /shared/projects/cutnrunta/so_/results/qc/fastp/BL3-H2K119Ub-1_S6_L001.fastp.html, /shared/projects/cutnrunta/so_/results/qc/fastp/BL3-H2K119Ub-2_S7_L001.fastp.html, /shared/projects/cutnrunta/so_/results/qc/fastp/BL3-H3K27ac-1_S4_L001.fastp.html, /shared/projects/cutnrunta/so_/results/qc/fastp/BL3-H3K27ac-2_S5_L001.fastp.html, /shared/projects/cutnrunta/so_/results/qc/fastp/BL3-H3K27me3-1_S2_L001.fastp.html, /shared/projects/cutnrunta/so_/results/qc/fastp/BL3-H3K27me3-2_S3_L001.fastp.html, /shared/projects/cutnrunta/so_/results/qc/fastp/BL3-IgG_S1_L001.fastp.html, /shared/projects/cutnrunta/so_/results/qc/fastp/TBL3-H2K119Ub-1_S13_L001.fastp.html, /shared/projects/cutnrunta/so_/results/qc/fastp/TBL3-H2K119Ub-2_S14_L001.fastp.html, /shared/projects/cutnrunta/so_/results/qc/fastp/TBL3-H3K27ac-1_S11_L001.fastp.html, /shared/projects/cutnrunta/so_/results/qc/fastp/TBL3-H3K27ac-2_S12_L001.fastp.html, /shared/projects/cutnrunta/so_/results/qc/fastp/TBL3-H3K27me3-1_S9_L001.fastp.html, /shared/projects/cutnrunta/so_/results/qc/fastp/TBL3-H3K27me3-2_S10_L001.fastp.html, /shared/projects/cutnrunta/so_/results/qc/fastp/TBL3-IgG_S8_L001.fastp.html, /shared/projects/cutnrunta/so_/results/qc/fastp/BL3-H2K119Ub-1_S6_L001.fastp.json, /shared/projects/cutnrunta/so_/results/qc/fastp/BL3-H2K119Ub-2_S7_L001.fastp.json, /shared/projects/cutnrunta/so_/results/qc/fastp/BL3-H3K27ac-1_S4_L001.fastp.json, /shared/projects/cutnrunta/so_/results/qc/fastp/BL3-H3K27ac-2_S5_L001.fastp.json, /shared/projects/cutnrunta/so_/results/qc/fastp/BL3-H3K27me3-1_S2_L001.fastp.json, /shared/projects/cutnrunta/so_/results/qc/fastp/BL3-H3K27me3-2_S3_L001.fastp.json, /shared/projects/cutnrunta/so_/results/qc/fastp/BL3-IgG_S1_L001.fastp.json, /shared/projects/cutnrunta/so_/results/qc/fastp/TBL3-H2K119Ub-1_S13_L001.fastp.json, /shared/projects/cutnrunta/so_/results/qc/fastp/TBL3-H2K119Ub-2_S14_L001.fastp.json, /shared/projects/cutnrunta/so_/results/qc/fastp/TBL3-H3K27ac-1_S11_L001.fastp.json, /shared/projects/cutnrunta/so_/results/qc/fastp/TBL3-H3K27ac-2_S12_L001.fastp.json, /shared/projects/cutnrunta/so_/results/qc/fastp/TBL3-H3K27me3-1_S9_L001.fastp.json, /shared/projects/cutnrunta/so_/results/qc/fastp/TBL3-H3K27me3-2_S10_L001.fastp.json, /shared/projects/cutnrunta/so_/results/qc/fastp/TBL3-IgG_S8_L001.fastp.json, /shared/projects/cutnrunta/so_/results/qc/multiqc/multiqc.html
    jobid: 0
    reason: Input files updated by another job: /shared/projects/cutnrunta/so_/results/qc/fastp/BL3-H3K27ac-1_S4_L001.fastp.html, /shared/projects/cutnrunta/so_/results/trim/BL3-H2K119Ub-1_S6_L001.fptrimmed.R1.fastq.gz, /shared/projects/cutnrunta/so_/results/trim/BL3-H3K27me3-1_S2_L001.fptrimmed.R2.fastq.gz, /shared/projects/cutnrunta/so_/results/qc/fastp/TBL3-H2K119Ub-1_S13_L001.fastp.json, /shared/projects/cutnrunta/so_/results/qc/fastp/TBL3-H3K27ac-2_S12_L001.fastp.json, /shared/projects/cutnrunta/so_/results/trim/TBL3-H2K119Ub-1_S13_L001.fptrimmed.R1.fastq.gz, /shared/projects/cutnrunta/so_/results/qc/fastp/TBL3-H2K119Ub-1_S13_L001.fastp.html, /shared/projects/cutnrunta/so_/results/trim/BL3-H2K119Ub-2_S7_L001.fptrimmed.R2.fastq.gz, /shared/projects/cutnrunta/so_/results/trim/TBL3-IgG_S8_L001.fptrimmed.R2.fastq.gz, /shared/projects/cutnrunta/so_/results/trim/TBL3-H3K27ac-2_S12_L001.fptrimmed.R1.fastq.gz, /shared/projects/cutnrunta/so_/results/trim/TBL3-IgG_S8_L001.fptrimmed.R1.fastq.gz, /shared/projects/cutnrunta/so_/results/qc/fastp/BL3-H3K27ac-2_S5_L001.fastp.html, /shared/projects/cutnrunta/so_/results/qc/fastp/BL3-H3K27ac-1_S4_L001.fastp.json, /shared/projects/cutnrunta/so_/results/trim/BL3-IgG_S1_L001.fptrimmed.R2.fastq.gz, /shared/projects/cutnrunta/so_/results/qc/fastp/TBL3-H2K119Ub-2_S14_L001.fastp.html, /shared/projects/cutnrunta/so_/results/qc/fastp/TBL3-H3K27me3-1_S9_L001.fastp.html, /shared/projects/cutnrunta/so_/results/qc/fastp/TBL3-H3K27me3-2_S10_L001.fastp.json, /shared/projects/cutnrunta/so_/results/qc/multiqc/multiqc.html, /shared/projects/cutnrunta/so_/results/qc/fastp/TBL3-IgG_S8_L001.fastp.json, /shared/projects/cutnrunta/so_/results/qc/fastp/BL3-IgG_S1_L001.fastp.json, /shared/projects/cutnrunta/so_/results/qc/fastp/BL3-IgG_S1_L001.fastp.html, /shared/projects/cutnrunta/so_/results/qc/fastp/BL3-H3K27me3-1_S2_L001.fastp.html, /shared/projects/cutnrunta/so_/results/qc/fastp/BL3-H3K27ac-2_S5_L001.fastp.json, /shared/projects/cutnrunta/so_/results/qc/fastp/BL3-H2K119Ub-1_S6_L001.fastp.html, /shared/projects/cutnrunta/so_/results/trim/TBL3-H3K27me3-2_S10_L001.fptrimmed.R1.fastq.gz, /shared/projects/cutnrunta/so_/results/trim/BL3-H3K27me3-2_S3_L001.fptrimmed.R1.fastq.gz, /shared/projects/cutnrunta/so_/results/trim/BL3-H3K27ac-2_S5_L001.fptrimmed.R1.fastq.gz, /shared/projects/cutnrunta/so_/results/trim/BL3-H3K27me3-1_S2_L001.fptrimmed.R1.fastq.gz, /shared/projects/cutnrunta/so_/results/trim/TBL3-H2K119Ub-2_S14_L001.fptrimmed.R1.fastq.gz, /shared/projects/cutnrunta/so_/results/trim/TBL3-H3K27me3-2_S10_L001.fptrimmed.R2.fastq.gz, /shared/projects/cutnrunta/so_/results/qc/fastp/BL3-H2K119Ub-2_S7_L001.fastp.html, /shared/projects/cutnrunta/so_/results/trim/BL3-H3K27ac-1_S4_L001.fptrimmed.R1.fastq.gz, /shared/projects/cutnrunta/so_/results/qc/fastp/BL3-H3K27me3-2_S3_L001.fastp.json, /shared/projects/cutnrunta/so_/results/trim/TBL3-H3K27ac-1_S11_L001.fptrimmed.R1.fastq.gz, /shared/projects/cutnrunta/so_/results/qc/fastp/TBL3-H3K27me3-2_S10_L001.fastp.html, /shared/projects/cutnrunta/so_/results/trim/TBL3-H3K27ac-2_S12_L001.fptrimmed.R2.fastq.gz, /shared/projects/cutnrunta/so_/results/qc/fastp/TBL3-H3K27me3-1_S9_L001.fastp.json, /shared/projects/cutnrunta/so_/results/qc/fastp/BL3-H2K119Ub-1_S6_L001.fastp.json, /shared/projects/cutnrunta/so_/results/qc/fastp/TBL3-H2K119Ub-2_S14_L001.fastp.json, /shared/projects/cutnrunta/so_/results/qc/fastp/BL3-H3K27me3-1_S2_L001.fastp.json, /shared/projects/cutnrunta/so_/results/trim/BL3-H2K119Ub-1_S6_L001.fptrimmed.R2.fastq.gz, /shared/projects/cutnrunta/so_/results/trim/TBL3-H3K27ac-1_S11_L001.fptrimmed.R2.fastq.gz, /shared/projects/cutnrunta/so_/results/trim/BL3-H3K27me3-2_S3_L001.fptrimmed.R2.fastq.gz, /shared/projects/cutnrunta/so_/results/qc/fastp/BL3-H3K27me3-2_S3_L001.fastp.html, /shared/projects/cutnrunta/so_/results/trim/BL3-H3K27ac-1_S4_L001.fptrimmed.R2.fastq.gz, /shared/projects/cutnrunta/so_/results/trim/TBL3-H3K27me3-1_S9_L001.fptrimmed.R2.fastq.gz, /shared/projects/cutnrunta/so_/results/qc/fastp/TBL3-IgG_S8_L001.fastp.html, /shared/projects/cutnrunta/so_/results/trim/BL3-H3K27ac-2_S5_L001.fptrimmed.R2.fastq.gz, /shared/projects/cutnrunta/so_/results/qc/fastp/TBL3-H3K27ac-2_S12_L001.fastp.html, /shared/projects/cutnrunta/so_/results/trim/TBL3-H2K119Ub-1_S13_L001.fptrimmed.R2.fastq.gz, /shared/projects/cutnrunta/so_/results/qc/fastp/TBL3-H3K27ac-1_S11_L001.fastp.json, /shared/projects/cutnrunta/so_/results/trim/TBL3-H3K27me3-1_S9_L001.fptrimmed.R1.fastq.gz, /shared/projects/cutnrunta/so_/results/qc/fastp/BL3-H2K119Ub-2_S7_L001.fastp.json, /shared/projects/cutnrunta/so_/results/trim/BL3-IgG_S1_L001.fptrimmed.R1.fastq.gz, /shared/projects/cutnrunta/so_/results/trim/BL3-H2K119Ub-2_S7_L001.fptrimmed.R1.fastq.gz, /shared/projects/cutnrunta/so_/results/trim/TBL3-H2K119Ub-2_S14_L001.fptrimmed.R2.fastq.gz, /shared/projects/cutnrunta/so_/results/qc/fastp/TBL3-H3K27ac-1_S11_L001.fastp.html
    resources: tmpdir=/tmp

[Wed Dec 17 14:09:07 2025]
Finished jobid: 0 (Rule: all)
16 of 16 steps (100%) done
Complete log(s): /shared/projects/cutnrunta/so_/.snakemake/log/2025-12-17T140506.875625.snakemake.log
